This file contains any messages produced by compilers while
running configure, to aid debugging if configure makes a mistake.

It was created by configure, which was
generated by GNU Autoconf 2.52.  Invocation command line was

  $ ./configure 

## ---------- ##
## Platform.  ##
## ---------- ##

hostname = scyld
uname -m = i686
uname -r = 2.4.18-64GB-SMP
uname -s = Linux
uname -v = #1 SMP Wed Mar 27 13:58:12 UTC 2002

/usr/bin/uname -p = unknown
/bin/uname -X     = unknown

/bin/arch              = i686
/usr/bin/arch -k       = unknown
/usr/convex/getsysinfo = unknown
hostinfo               = unknown
/bin/machine           = unknown
/usr/bin/oslevel       = unknown
/bin/universe          = unknown

PATH = /usr/local/bin:/usr/bin:/usr/X11R6/bin:/bin:/usr/games:/opt/gnome/bin:/opt/kde3/bin:/opt/kde2/bin:/usr/lib/java/bin:/opt/gnome/bin

## ------------ ##
## Core tests.  ##
## ------------ ##

configure:930: PATH=".;."; conftest.sh
./configure: conftest.sh: command not found
configure:933: $? = 127
configure:981: checking for a BSD compatible install
configure:1030: result: /usr/bin/install -c
configure:1041: checking whether build environment is sane
configure:1084: result: yes
configure:1109: WARNING: `missing' script is too old or missing
configure:1117: checking for mawk
configure:1143: result: no
configure:1117: checking for gawk
configure:1132: found /usr/bin/gawk
configure:1140: result: gawk
configure:1150: checking whether make sets ${MAKE}
configure:1170: result: yes
configure:1303: checking for gcc
configure:1318: found /usr/bin/gcc
configure:1326: result: gcc
configure:1554: checking for C compiler version
configure:1557: gcc --version </dev/null >&5
2.95.3
configure:1560: $? = 0
configure:1562: gcc -v </dev/null >&5
Reading specs from /usr/lib/gcc-lib/i486-suse-linux/2.95.3/specs
gcc version 2.95.3 20010315 (SuSE)
configure:1565: $? = 0
configure:1567: gcc -V </dev/null >&5
gcc: argument to `-V' is missing
configure:1570: $? = 1
configure:1590: checking for C compiler default output
configure:1593: gcc    conftest.c  >&5
configure:1596: $? = 0
configure:1625: result: a.out
configure:1630: checking whether the C compiler works
configure:1636: ./a.out
configure:1639: $? = 0
configure:1654: result: yes
configure:1661: checking whether we are cross compiling
configure:1663: result: no
configure:1666: checking for executable suffix
configure:1668: gcc -o conftest    conftest.c  >&5
configure:1671: $? = 0
configure:1693: result: 
configure:1699: checking for object suffix
configure:1717: gcc -c   conftest.c >&5
configure:1720: $? = 0
configure:1739: result: o
configure:1743: checking whether we are using the GNU C compiler
configure:1764: gcc -c   conftest.c >&5
configure:1767: $? = 0
configure:1770: test -s conftest.o
configure:1773: $? = 0
configure:1785: result: yes
configure:1791: checking whether gcc accepts -g
configure:1809: gcc -c -g  conftest.c >&5
configure:1812: $? = 0
configure:1815: test -s conftest.o
configure:1818: $? = 0
configure:1828: result: yes
configure:1855: gcc -c -g -O2  conftest.c >&5
conftest.c:2: parse error before `me'
configure:1858: $? = 1
configure: failed program was:
#ifndef __cplusplus
  choke me
#endif
configure:1964: checking for style of include used by make
configure:1991: result: GNU
configure:1997: checking dependency style of gcc
configure:2059: result: gcc
configure:2112: checking for g++
configure:2127: found /usr/bin/g++
configure:2135: result: g++
configure:2150: checking for C++ compiler version
configure:2153: g++ --version </dev/null >&5
2.95.3
configure:2156: $? = 0
configure:2158: g++ -v </dev/null >&5
Reading specs from /usr/lib/gcc-lib/i486-suse-linux/2.95.3/specs
gcc version 2.95.3 20010315 (SuSE)
configure:2161: $? = 0
configure:2163: g++ -V </dev/null >&5
g++: argument to `-V' missing

configure:2166: $? = 1
configure:2169: checking whether we are using the GNU C++ compiler
configure:2190: g++ -c   conftest.cc >&5
configure:2193: $? = 0
configure:2196: test -s conftest.o
configure:2199: $? = 0
configure:2211: result: yes
configure:2217: checking whether g++ accepts -g
configure:2235: g++ -c -g  conftest.cc >&5
configure:2238: $? = 0
configure:2241: test -s conftest.o
configure:2244: $? = 0
configure:2254: result: yes
configure:2294: g++ -c -g -O2  conftest.cc >&5
configure:2297: $? = 0
configure:2300: test -s conftest.o
configure:2303: $? = 0
configure:2325: g++ -c -g -O2  conftest.cc >&5
configure:2328: $? = 0
configure:2331: test -s conftest.o
configure:2334: $? = 0
configure:2358: checking dependency style of g++
configure:2420: result: gcc
configure:2436: checking for a BSD compatible install
configure:2485: result: /usr/bin/install -c
configure:2503: checking how to run the C preprocessor
configure:2529: gcc -E  conftest.c
configure:2535: $? = 0
configure:2562: gcc -E  conftest.c
configure:2559: ac_nonexistent.h: No such file or directory
configure:2568: $? = 1
configure: failed program was:
#line 2558 "configure"
#include "confdefs.h"
#include <ac_nonexistent.h>
configure:2605: result: gcc -E
configure:2620: gcc -E  conftest.c
configure:2626: $? = 0
configure:2653: gcc -E  conftest.c
configure:2650: ac_nonexistent.h: No such file or directory
configure:2659: $? = 1
configure: failed program was:
#line 2649 "configure"
#include "confdefs.h"
#include <ac_nonexistent.h>
configure:2698: checking for ANSI C header files
configure:2712: gcc -E  conftest.c
configure:2718: $? = 0
configure:2805: gcc -o conftest -g -O2   conftest.c  >&5
configure:2808: $? = 0
configure:2810: ./conftest
configure:2813: $? = 0
configure:2826: result: yes
configure:2841: checking for pkg-config
configure:2858: found /usr/bin/pkg-config
configure:2870: result: /usr/bin/pkg-config
configure:2887: checking for glib >= 1.2.10 gtk+ >= 1.2.10
configure:2891: result: yes
configure:2895: checking GTK_CFLAGS
configure:2898: result:   -I/usr/include/glib-1.2 -I/usr/lib/glib/include -I/usr/include/gtk-1.2 -I/usr/X11R6/include  
configure:2901: checking GTK_LIBS
configure:2904: result:   -L/usr/X11R6/lib -lgdk -lXi -lXext -lX11 -lm -lgtk -lglib  
configure:2932: checking for curses.h
configure:2942: gcc -E  conftest.c
configure:2948: $? = 0
configure:2967: result: yes
configure:2932: checking for curses/curses.h
configure:2942: gcc -E  conftest.c
configure:2948: $? = 0
configure:2967: result: yes
configure:2932: checking for termios.h
configure:2942: gcc -E  conftest.c
configure:2948: $? = 0
configure:2967: result: yes
configure:3058: creating ./config.status

## ----------------------- ##
## Running config.status.  ##
## ----------------------- ##

This file was extended by config.status 2.52, executed with
  CONFIG_FILES    = 
  CONFIG_HEADERS  = 
  CONFIG_LINKS    = 
  CONFIG_COMMANDS = 
  > ./config.status 
on scyld

config.status:3538: creating Makefile
config.status:3538: creating include/Makefile
config.status:3538: creating src/Makefile
config.status:3538: creating src/run_free/Makefile
config.status:3538: creating src/kbhit/Makefile
config.status:3630: creating include/config.h
config.status:3771: include/config.h is unchanged

## ----------------- ##
## Cache variables.  ##
## ----------------- ##

ac_cv_c_compiler_gnu=yes
ac_cv_cxx_compiler_gnu=yes
ac_cv_env_CC_set=
ac_cv_env_CC_value=
ac_cv_env_CFLAGS_set=
ac_cv_env_CFLAGS_value=
ac_cv_env_CPPFLAGS_set=
ac_cv_env_CPPFLAGS_value=
ac_cv_env_CPP_set=
ac_cv_env_CPP_value=
ac_cv_env_CXXFLAGS_set=
ac_cv_env_CXXFLAGS_value=
ac_cv_env_CXX_set=
ac_cv_env_CXX_value=
ac_cv_env_LDFLAGS_set=
ac_cv_env_LDFLAGS_value=
ac_cv_env_build_alias_set=
ac_cv_env_build_alias_value=
ac_cv_env_host_alias_set=
ac_cv_env_host_alias_value=
ac_cv_env_target_alias_set=
ac_cv_env_target_alias_value=
ac_cv_header_curses_curses_h=yes
ac_cv_header_curses_h=yes
ac_cv_header_stdc=yes
ac_cv_header_termios_h=yes
ac_cv_objext=o
ac_cv_path_PKG_CONFIG=/usr/bin/pkg-config
ac_cv_path_install=$'/usr/bin/install -c'
ac_cv_prog_AWK=gawk
ac_cv_prog_CPP=$'gcc -E'
ac_cv_prog_ac_ct_CC=gcc
ac_cv_prog_ac_ct_CXX=g++
ac_cv_prog_cc_g=yes
ac_cv_prog_cxx_g=yes
ac_cv_prog_make_make_set=yes
am_cv_CC_dependencies_compiler_type=gcc
am_cv_CXX_dependencies_compiler_type=gcc

## ------------ ##
## confdefs.h.  ##
## ------------ ##

#define PACKAGE "run-free"
#define VERSION "1.0.2"
#define STDC_HEADERS 1
#define HAVE_CURSES_H 1
#define HAVE_CURSES_CURSES_H 1
#define HAVE_TERMIOS_H 1


configure: exit 0

## ----------------------- ##
## Running config.status.  ##
## ----------------------- ##

This file was extended by config.status 2.52, executed with
  CONFIG_FILES    = 
  CONFIG_HEADERS  = include/config.h
  CONFIG_LINKS    = 
  CONFIG_COMMANDS = 
  > ./config.status 
on scyld

config.status:3630: creating include/config.h
config.status:3771: include/config.h is unchanged
