This file contains any messages produced by compilers while
running configure, to aid debugging if configure makes a mistake.

It was created by configure, which was
generated by GNU Autoconf 2.59.  Invocation command line was

  $ ./configure 

## --------- ##
## Platform. ##
## --------- ##

hostname = scyld
uname -m = i686
uname -r = 2.4.23-1-386
uname -s = Linux
uname -v = #1 Sun Nov 30 16:49:14 EST 2003

/usr/bin/uname -p = unknown
/bin/uname -X     = unknown

/bin/arch              = i686
/usr/bin/arch -k       = unknown
/usr/convex/getsysinfo = unknown
hostinfo               = unknown
/bin/machine           = unknown
/usr/bin/oslevel       = unknown
/bin/universe          = unknown

PATH: /usr/local/bin/realplayer
PATH: /usr/local/firefox/
PATH: /usr/local/netscape/
PATH: /usr/local/bin
PATH: /usr/bin
PATH: /bin
PATH: /usr/bin/X11
PATH: /usr/games


## ----------- ##
## Core tests. ##
## ----------- ##

configure:1346: checking for a BSD-compatible install
configure:1401: result: /usr/bin/install -c
configure:1412: checking whether build environment is sane
configure:1455: result: yes
configure:1470: checking whether make sets $(MAKE)
configure:1490: result: yes
configure:1522: checking for working aclocal-1.4
configure:1529: result: found
configure:1537: checking for working autoconf
configure:1544: result: found
configure:1552: checking for working automake-1.4
configure:1559: result: found
configure:1567: checking for working autoheader
configure:1574: result: found
configure:1582: checking for working makeinfo
configure:1589: result: found
configure:1645: checking for gcc
configure:1661: found /usr/bin/gcc
configure:1671: result: gcc
configure:1915: checking for C compiler version
configure:1918: gcc --version </dev/null >&5
gcc (GCC) 3.3.3 20040125 (prerelease) (Debian)
Copyright (C) 2003 Free Software Foundation, Inc.
This is free software; see the source for copying conditions.  There is NO
warranty; not even for MERCHANTABILITY or FITNESS FOR A PARTICULAR PURPOSE.

configure:1921: $? = 0
configure:1923: gcc -v </dev/null >&5
Reading specs from /usr/lib/gcc-lib/i486-linux/3.3.3/specs
Configured with: ../src/configure -v --enable-languages=c,c++,java,f77,pascal,objc,ada,treelang --prefix=/usr --mandir=/usr/share/man --infodir=/usr/share/info --with-gxx-include-dir=/usr/include/c++/3.3 --enable-shared --with-system-zlib --enable-nls --without-included-gettext --enable-__cxa_atexit --enable-clocale=gnu --enable-debug --enable-java-gc=boehm --enable-java-awt=xlib --enable-objc-gc i486-linux
Thread model: posix
gcc version 3.3.3 20040125 (prerelease) (Debian)
configure:1926: $? = 0
configure:1928: gcc -V </dev/null >&5
gcc: `-V' option must have argument
configure:1931: $? = 1
configure:1954: checking for C compiler default output file name
configure:1957: gcc    conftest.c  >&5
configure:1960: $? = 0
configure:2006: result: a.out
configure:2011: checking whether the C compiler works
configure:2017: ./a.out
configure:2020: $? = 0
configure:2037: result: yes
configure:2044: checking whether we are cross compiling
configure:2046: result: no
configure:2049: checking for suffix of executables
configure:2051: gcc -o conftest    conftest.c  >&5
configure:2054: $? = 0
configure:2079: result: 
configure:2085: checking for suffix of object files
configure:2106: gcc -c   conftest.c >&5
configure:2109: $? = 0
configure:2131: result: o
configure:2135: checking whether we are using the GNU C compiler
configure:2159: gcc -c   conftest.c >&5
configure:2165: $? = 0
configure:2168: test -z 			 || test ! -s conftest.err
configure:2171: $? = 0
configure:2174: test -s conftest.o
configure:2177: $? = 0
configure:2190: result: yes
configure:2196: checking whether gcc accepts -g
configure:2217: gcc -c -g  conftest.c >&5
configure:2223: $? = 0
configure:2226: test -z 			 || test ! -s conftest.err
configure:2229: $? = 0
configure:2232: test -s conftest.o
configure:2235: $? = 0
configure:2246: result: yes
configure:2263: checking for gcc option to accept ANSI C
configure:2333: gcc  -c -g -O2  conftest.c >&5
configure:2339: $? = 0
configure:2342: test -z 			 || test ! -s conftest.err
configure:2345: $? = 0
configure:2348: test -s conftest.o
configure:2351: $? = 0
configure:2369: result: none needed
configure:2387: gcc -c -g -O2  conftest.c >&5
conftest.c:2: error: parse error before "me"
configure:2393: $? = 1
configure: failed program was:
| #ifndef __cplusplus
|   choke me
| #endif
configure:2575: checking for g++
configure:2591: found /usr/bin/g++
configure:2601: result: g++
configure:2617: checking for C++ compiler version
configure:2620: g++ --version </dev/null >&5
g++ (GCC) 3.3.3 20040125 (prerelease) (Debian)
Copyright (C) 2003 Free Software Foundation, Inc.
This is free software; see the source for copying conditions.  There is NO
warranty; not even for MERCHANTABILITY or FITNESS FOR A PARTICULAR PURPOSE.

configure:2623: $? = 0
configure:2625: g++ -v </dev/null >&5
Reading specs from /usr/lib/gcc-lib/i486-linux/3.3.3/specs
Configured with: ../src/configure -v --enable-languages=c,c++,java,f77,pascal,objc,ada,treelang --prefix=/usr --mandir=/usr/share/man --infodir=/usr/share/info --with-gxx-include-dir=/usr/include/c++/3.3 --enable-shared --with-system-zlib --enable-nls --without-included-gettext --enable-__cxa_atexit --enable-clocale=gnu --enable-debug --enable-java-gc=boehm --enable-java-awt=xlib --enable-objc-gc i486-linux
Thread model: posix
gcc version 3.3.3 20040125 (prerelease) (Debian)
configure:2628: $? = 0
configure:2630: g++ -V </dev/null >&5
g++: `-V' option must have argument
configure:2633: $? = 1
configure:2636: checking whether we are using the GNU C++ compiler
configure:2660: g++ -c   conftest.cc >&5
configure:2666: $? = 0
configure:2669: test -z 			 || test ! -s conftest.err
configure:2672: $? = 0
configure:2675: test -s conftest.o
configure:2678: $? = 0
configure:2691: result: yes
configure:2697: checking whether g++ accepts -g
configure:2718: g++ -c -g  conftest.cc >&5
configure:2724: $? = 0
configure:2727: test -z 			 || test ! -s conftest.err
configure:2730: $? = 0
configure:2733: test -s conftest.o
configure:2736: $? = 0
configure:2747: result: yes
configure:2789: g++ -c -g -O2  conftest.cc >&5
configure:2795: $? = 0
configure:2798: test -z 			 || test ! -s conftest.err
configure:2801: $? = 0
configure:2804: test -s conftest.o
configure:2807: $? = 0
configure:2833: g++ -c -g -O2  conftest.cc >&5
conftest.cc: In function `int main()':
conftest.cc:15: error: `exit' undeclared (first use this function)
conftest.cc:15: error: (Each undeclared identifier is reported only once for 
   each function it appears in.)
configure:2839: $? = 1
configure: failed program was:
| /* confdefs.h.  */
| 
| #define PACKAGE_NAME ""
| #define PACKAGE_TARNAME ""
| #define PACKAGE_VERSION ""
| #define PACKAGE_STRING ""
| #define PACKAGE_BUGREPORT ""
| #define PACKAGE "run-free"
| #define VERSION "1.0.2"
| /* end confdefs.h.  */
| 
| int
| main ()
| {
| exit (42);
|   ;
|   return 0;
| }
configure:2789: g++ -c -g -O2  conftest.cc >&5
configure:2795: $? = 0
configure:2798: test -z 			 || test ! -s conftest.err
configure:2801: $? = 0
configure:2804: test -s conftest.o
configure:2807: $? = 0
configure:2833: g++ -c -g -O2  conftest.cc >&5
configure:2839: $? = 0
configure:2842: test -z 			 || test ! -s conftest.err
configure:2845: $? = 0
configure:2848: test -s conftest.o
configure:2851: $? = 0
configure:2887: checking for a BSD-compatible install
configure:2942: result: /usr/bin/install -c
configure:2960: checking how to run the C preprocessor
configure:2995: gcc -E  conftest.c
configure:3001: $? = 0
configure:3033: gcc -E  conftest.c
conftest.c:14:28: ac_nonexistent.h: No such file or directory
configure:3039: $? = 1
configure: failed program was:
| /* confdefs.h.  */
| 
| #define PACKAGE_NAME ""
| #define PACKAGE_TARNAME ""
| #define PACKAGE_VERSION ""
| #define PACKAGE_STRING ""
| #define PACKAGE_BUGREPORT ""
| #define PACKAGE "run-free"
| #define VERSION "1.0.2"
| #ifdef __cplusplus
| extern "C" void std::exit (int) throw (); using std::exit;
| #endif
| /* end confdefs.h.  */
| #include <ac_nonexistent.h>
configure:3078: result: gcc -E
configure:3102: gcc -E  conftest.c
configure:3108: $? = 0
configure:3140: gcc -E  conftest.c
conftest.c:14:28: ac_nonexistent.h: No such file or directory
configure:3146: $? = 1
configure: failed program was:
| /* confdefs.h.  */
| 
| #define PACKAGE_NAME ""
| #define PACKAGE_TARNAME ""
| #define PACKAGE_VERSION ""
| #define PACKAGE_STRING ""
| #define PACKAGE_BUGREPORT ""
| #define PACKAGE "run-free"
| #define VERSION "1.0.2"
| #ifdef __cplusplus
| extern "C" void std::exit (int) throw (); using std::exit;
| #endif
| /* end confdefs.h.  */
| #include <ac_nonexistent.h>
configure:3190: checking for egrep
configure:3200: result: grep -E
configure:3205: checking for ANSI C header files
configure:3230: gcc -c -g -O2  conftest.c >&5
configure:3236: $? = 0
configure:3239: test -z 			 || test ! -s conftest.err
configure:3242: $? = 0
configure:3245: test -s conftest.o
configure:3248: $? = 0
configure:3334: gcc -o conftest -g -O2   conftest.c  >&5
configure:3337: $? = 0
configure:3339: ./conftest
configure:3342: $? = 0
configure:3357: result: yes
configure:3373: checking for pkg-config
configure:3391: found /usr/bin/pkg-config
configure:3404: result: /usr/bin/pkg-config
configure:3421: checking for glib >= 1.2.10 gtk+ >= 1.2.10
configure:3425: result: yes
configure:3429: checking GTK_CFLAGS
configure:3432: result: -I/usr/include/glib-1.2 -I/usr/lib/glib/include -I/usr/include/gtk-1.2  
configure:3435: checking GTK_LIBS
configure:3438: result: -L/usr/X11R6/lib -lgtk -lgdk -lXi -lXext -lX11 -lm -lglib  
configure:3481: checking for sys/types.h
configure:3497: gcc -c -g -O2  conftest.c >&5
configure:3503: $? = 0
configure:3506: test -z 			 || test ! -s conftest.err
configure:3509: $? = 0
configure:3512: test -s conftest.o
configure:3515: $? = 0
configure:3526: result: yes
configure:3481: checking for sys/stat.h
configure:3497: gcc -c -g -O2  conftest.c >&5
configure:3503: $? = 0
configure:3506: test -z 			 || test ! -s conftest.err
configure:3509: $? = 0
configure:3512: test -s conftest.o
configure:3515: $? = 0
configure:3526: result: yes
configure:3481: checking for stdlib.h
configure:3497: gcc -c -g -O2  conftest.c >&5
configure:3503: $? = 0
configure:3506: test -z 			 || test ! -s conftest.err
configure:3509: $? = 0
configure:3512: test -s conftest.o
configure:3515: $? = 0
configure:3526: result: yes
configure:3481: checking for string.h
configure:3497: gcc -c -g -O2  conftest.c >&5
configure:3503: $? = 0
configure:3506: test -z 			 || test ! -s conftest.err
configure:3509: $? = 0
configure:3512: test -s conftest.o
configure:3515: $? = 0
configure:3526: result: yes
configure:3481: checking for memory.h
configure:3497: gcc -c -g -O2  conftest.c >&5
configure:3503: $? = 0
configure:3506: test -z 			 || test ! -s conftest.err
configure:3509: $? = 0
configure:3512: test -s conftest.o
configure:3515: $? = 0
configure:3526: result: yes
configure:3481: checking for strings.h
configure:3497: gcc -c -g -O2  conftest.c >&5
configure:3503: $? = 0
configure:3506: test -z 			 || test ! -s conftest.err
configure:3509: $? = 0
configure:3512: test -s conftest.o
configure:3515: $? = 0
configure:3526: result: yes
configure:3481: checking for inttypes.h
configure:3497: gcc -c -g -O2  conftest.c >&5
configure:3503: $? = 0
configure:3506: test -z 			 || test ! -s conftest.err
configure:3509: $? = 0
configure:3512: test -s conftest.o
configure:3515: $? = 0
configure:3526: result: yes
configure:3481: checking for stdint.h
configure:3497: gcc -c -g -O2  conftest.c >&5
configure:3503: $? = 0
configure:3506: test -z 			 || test ! -s conftest.err
configure:3509: $? = 0
configure:3512: test -s conftest.o
configure:3515: $? = 0
configure:3526: result: yes
configure:3481: checking for unistd.h
configure:3497: gcc -c -g -O2  conftest.c >&5
configure:3503: $? = 0
configure:3506: test -z 			 || test ! -s conftest.err
configure:3509: $? = 0
configure:3512: test -s conftest.o
configure:3515: $? = 0
configure:3526: result: yes
configure:3554: checking curses.h usability
configure:3566: gcc -c -g -O2  conftest.c >&5
configure:3572: $? = 0
configure:3575: test -z 			 || test ! -s conftest.err
configure:3578: $? = 0
configure:3581: test -s conftest.o
configure:3584: $? = 0
configure:3594: result: yes
configure:3598: checking curses.h presence
configure:3608: gcc -E  conftest.c
configure:3614: $? = 0
configure:3634: result: yes
configure:3669: checking for curses.h
configure:3676: result: yes
configure:3554: checking curses/curses.h usability
configure:3566: gcc -c -g -O2  conftest.c >&5
conftest.c:59:27: curses/curses.h: No such file or directory
configure:3572: $? = 1
configure: failed program was:
| /* confdefs.h.  */
| 
| #define PACKAGE_NAME ""
| #define PACKAGE_TARNAME ""
| #define PACKAGE_VERSION ""
| #define PACKAGE_STRING ""
| #define PACKAGE_BUGREPORT ""
| #define PACKAGE "run-free"
| #define VERSION "1.0.2"
| #ifdef __cplusplus
| extern "C" void std::exit (int) throw (); using std::exit;
| #endif
| #define STDC_HEADERS 1
| #define HAVE_SYS_TYPES_H 1
| #define HAVE_SYS_STAT_H 1
| #define HAVE_STDLIB_H 1
| #define HAVE_STRING_H 1
| #define HAVE_MEMORY_H 1
| #define HAVE_STRINGS_H 1
| #define HAVE_INTTYPES_H 1
| #define HAVE_STDINT_H 1
| #define HAVE_UNISTD_H 1
| #define HAVE_CURSES_H 1
| /* end confdefs.h.  */
| #include <stdio.h>
| #if HAVE_SYS_TYPES_H
| # include <sys/types.h>
| #endif
| #if HAVE_SYS_STAT_H
| # include <sys/stat.h>
| #endif
| #if STDC_HEADERS
| # include <stdlib.h>
| # include <stddef.h>
| #else
| # if HAVE_STDLIB_H
| #  include <stdlib.h>
| # endif
| #endif
| #if HAVE_STRING_H
| # if !STDC_HEADERS && HAVE_MEMORY_H
| #  include <memory.h>
| # endif
| # include <string.h>
| #endif
| #if HAVE_STRINGS_H
| # include <strings.h>
| #endif
| #if HAVE_INTTYPES_H
| # include <inttypes.h>
| #else
| # if HAVE_STDINT_H
| #  include <stdint.h>
| # endif
| #endif
| #if HAVE_UNISTD_H
| # include <unistd.h>
| #endif
| #include <curses/curses.h>
configure:3594: result: no
configure:3598: checking curses/curses.h presence
configure:3608: gcc -E  conftest.c
conftest.c:25:27: curses/curses.h: No such file or directory
configure:3614: $? = 1
configure: failed program was:
| /* confdefs.h.  */
| 
| #define PACKAGE_NAME ""
| #define PACKAGE_TARNAME ""
| #define PACKAGE_VERSION ""
| #define PACKAGE_STRING ""
| #define PACKAGE_BUGREPORT ""
| #define PACKAGE "run-free"
| #define VERSION "1.0.2"
| #ifdef __cplusplus
| extern "C" void std::exit (int) throw (); using std::exit;
| #endif
| #define STDC_HEADERS 1
| #define HAVE_SYS_TYPES_H 1
| #define HAVE_SYS_STAT_H 1
| #define HAVE_STDLIB_H 1
| #define HAVE_STRING_H 1
| #define HAVE_MEMORY_H 1
| #define HAVE_STRINGS_H 1
| #define HAVE_INTTYPES_H 1
| #define HAVE_STDINT_H 1
| #define HAVE_UNISTD_H 1
| #define HAVE_CURSES_H 1
| /* end confdefs.h.  */
| #include <curses/curses.h>
configure:3634: result: no
configure:3669: checking for curses/curses.h
configure:3676: result: no
configure:3554: checking termios.h usability
configure:3566: gcc -c -g -O2  conftest.c >&5
configure:3572: $? = 0
configure:3575: test -z 			 || test ! -s conftest.err
configure:3578: $? = 0
configure:3581: test -s conftest.o
configure:3584: $? = 0
configure:3594: result: yes
configure:3598: checking termios.h presence
configure:3608: gcc -E  conftest.c
configure:3614: $? = 0
configure:3634: result: yes
configure:3669: checking for termios.h
configure:3676: result: yes
configure:3786: creating ./config.status

## ---------------------- ##
## Running config.status. ##
## ---------------------- ##

This file was extended by config.status, which was
generated by GNU Autoconf 2.59.  Invocation command line was

  CONFIG_FILES    = 
  CONFIG_HEADERS  = 
  CONFIG_LINKS    = 
  CONFIG_COMMANDS = 
  $ ./config.status 

on scyld

config.status:718: creating Makefile
config.status:718: creating include/Makefile
config.status:718: creating src/Makefile
config.status:718: creating src/run_free/Makefile
config.status:718: creating src/kbhit/Makefile
config.status:784: creating include/config.h
config.status:1052: executing default-1 commands

## ---------------- ##
## Cache variables. ##
## ---------------- ##

ac_cv_c_compiler_gnu=yes
ac_cv_cxx_compiler_gnu=yes
ac_cv_env_CC_set=
ac_cv_env_CC_value=
ac_cv_env_CFLAGS_set=
ac_cv_env_CFLAGS_value=
ac_cv_env_CPPFLAGS_set=
ac_cv_env_CPPFLAGS_value=
ac_cv_env_CPP_set=
ac_cv_env_CPP_value=
ac_cv_env_CXXFLAGS_set=
ac_cv_env_CXXFLAGS_value=
ac_cv_env_CXX_set=
ac_cv_env_CXX_value=
ac_cv_env_LDFLAGS_set=
ac_cv_env_LDFLAGS_value=
ac_cv_env_build_alias_set=
ac_cv_env_build_alias_value=
ac_cv_env_host_alias_set=
ac_cv_env_host_alias_value=
ac_cv_env_target_alias_set=
ac_cv_env_target_alias_value=
ac_cv_exeext=
ac_cv_header_curses_curses_h=no
ac_cv_header_curses_h=yes
ac_cv_header_inttypes_h=yes
ac_cv_header_memory_h=yes
ac_cv_header_stdc=yes
ac_cv_header_stdint_h=yes
ac_cv_header_stdlib_h=yes
ac_cv_header_string_h=yes
ac_cv_header_strings_h=yes
ac_cv_header_sys_stat_h=yes
ac_cv_header_sys_types_h=yes
ac_cv_header_termios_h=yes
ac_cv_header_unistd_h=yes
ac_cv_objext=o
ac_cv_path_PKG_CONFIG=/usr/bin/pkg-config
ac_cv_path_install='/usr/bin/install -c'
ac_cv_prog_CPP='gcc -E'
ac_cv_prog_ac_ct_CC=gcc
ac_cv_prog_ac_ct_CXX=g++
ac_cv_prog_cc_g=yes
ac_cv_prog_cc_stdc=
ac_cv_prog_cxx_g=yes
ac_cv_prog_egrep='grep -E'
ac_cv_prog_make_make_set=yes

## ----------------- ##
## Output variables. ##
## ----------------- ##

ACLOCAL='aclocal-1.4'
AUTOCONF='autoconf'
AUTOHEADER='autoheader'
AUTOMAKE='automake-1.4'
CC='gcc'
CFLAGS='-g -O2'
CPP='gcc -E'
CPPFLAGS=''
CXX='g++'
CXXFLAGS='-g -O2'
DEFS='-DHAVE_CONFIG_H'
ECHO_C=''
ECHO_N='-n'
ECHO_T=''
EGREP='grep -E'
EXEEXT=''
GTK_CFLAGS='-I/usr/include/glib-1.2 -I/usr/lib/glib/include -I/usr/include/gtk-1.2  '
GTK_LIBS='-L/usr/X11R6/lib -lgtk -lgdk -lXi -lXext -lX11 -lm -lglib  '
INSTALL_DATA='${INSTALL} -m 644'
INSTALL_PROGRAM='${INSTALL}'
INSTALL_SCRIPT='${INSTALL}'
LDFLAGS=''
LIBOBJS=''
LIBS=''
LTLIBOBJS=''
MAKEINFO='makeinfo'
OBJEXT='o'
PACKAGE='run-free'
PACKAGE_BUGREPORT=''
PACKAGE_NAME=''
PACKAGE_STRING=''
PACKAGE_TARNAME=''
PACKAGE_VERSION=''
PATH_SEPARATOR=':'
PKG_CONFIG='/usr/bin/pkg-config'
SET_MAKE=''
SHELL='/bin/sh'
VERSION='1.0.2'
ac_ct_CC='gcc'
ac_ct_CXX='g++'
bindir='${exec_prefix}/bin'
build_alias=''
datadir='${prefix}/share'
exec_prefix='${prefix}'
host_alias=''
includedir='${prefix}/include'
infodir='${prefix}/info'
libdir='${exec_prefix}/lib'
libexecdir='${exec_prefix}/libexec'
localstatedir='${prefix}/var'
mandir='${prefix}/man'
oldincludedir='/usr/include'
prefix='/usr/local'
program_transform_name='s,x,x,'
sbindir='${exec_prefix}/sbin'
sharedstatedir='${prefix}/com'
sysconfdir='${prefix}/etc'
target_alias=''

## ----------- ##
## confdefs.h. ##
## ----------- ##

#define HAVE_CURSES_H 1
#define HAVE_INTTYPES_H 1
#define HAVE_MEMORY_H 1
#define HAVE_STDINT_H 1
#define HAVE_STDLIB_H 1
#define HAVE_STRINGS_H 1
#define HAVE_STRING_H 1
#define HAVE_SYS_STAT_H 1
#define HAVE_SYS_TYPES_H 1
#define HAVE_TERMIOS_H 1
#define HAVE_UNISTD_H 1
#define PACKAGE "run-free"
#define PACKAGE_BUGREPORT ""
#define PACKAGE_NAME ""
#define PACKAGE_STRING ""
#define PACKAGE_TARNAME ""
#define PACKAGE_VERSION ""
#define STDC_HEADERS 1
#define VERSION "1.0.2"
#endif
#ifdef __cplusplus
extern "C" void std::exit (int) throw (); using std::exit;

configure: exit 0
